Analysis & Synthesis report for ula
Thu Nov 30 14:21:38 2023
Quartus II 64-Bit Version 13.0.1 Build 232 06/12/2013 Service Pack 1 SJ Web Edition


---------------------
; Table of Contents ;
---------------------
  1. Legal Notice
  2. Analysis & Synthesis Summary
  3. Analysis & Synthesis Settings
  4. Parallel Compilation
  5. Analysis & Synthesis Source Files Read
  6. Analysis & Synthesis Resource Usage Summary
  7. Analysis & Synthesis Resource Utilization by Entity
  8. General Register Statistics
  9. Multiplexer Restructuring Statistics (Restructuring Performed)
 10. Parameter Settings for User Entity Instance: ula:ULA_S|somador_nbits:SOMASUB
 11. Elapsed Time Per Partition
 12. Analysis & Synthesis Messages



----------------
; Legal Notice ;
----------------
Copyright (C) 1991-2013 Altera Corporation
Your use of Altera Corporation's design tools, logic functions 
and other software and tools, and its AMPP partner logic 
functions, and any output files from any of the foregoing 
(including device programming or simulation files), and any 
associated documentation or information are expressly subject 
to the terms and conditions of the Altera Program License 
Subscription Agreement, Altera MegaCore Function License 
Agreement, or other applicable license agreement, including, 
without limitation, that your use is for the sole purpose of 
programming logic devices manufactured by Altera and sold by 
Altera or its authorized distributors.  Please refer to the 
applicable agreement for further details.



+--------------------------------------------------------------------------------------+
; Analysis & Synthesis Summary                                                         ;
+------------------------------------+-------------------------------------------------+
; Analysis & Synthesis Status        ; Successful - Thu Nov 30 14:21:38 2023           ;
; Quartus II 64-Bit Version          ; 13.0.1 Build 232 06/12/2013 SP 1 SJ Web Edition ;
; Revision Name                      ; ula                                             ;
; Top-level Entity Name              ; datapath                                        ;
; Family                             ; Cyclone II                                      ;
; Total logic elements               ; 2,598                                           ;
;     Total combinational functions  ; 1,606                                           ;
;     Dedicated logic registers      ; 1,024                                           ;
; Total registers                    ; 1024                                            ;
; Total pins                         ; 90                                              ;
; Total virtual pins                 ; 0                                               ;
; Total memory bits                  ; 0                                               ;
; Embedded Multiplier 9-bit elements ; 0                                               ;
; Total PLLs                         ; 0                                               ;
+------------------------------------+-------------------------------------------------+


+----------------------------------------------------------------------------------------------------------------------+
; Analysis & Synthesis Settings                                                                                        ;
+----------------------------------------------------------------------------+--------------------+--------------------+
; Option                                                                     ; Setting            ; Default Value      ;
+----------------------------------------------------------------------------+--------------------+--------------------+
; Top-level entity name                                                      ; datapath           ; ula                ;
; Family name                                                                ; Cyclone II         ; Cyclone IV GX      ;
; Use smart compilation                                                      ; Off                ; Off                ;
; Enable parallel Assembler and TimeQuest Timing Analyzer during compilation ; On                 ; On                 ;
; Enable compact report table                                                ; Off                ; Off                ;
; Restructure Multiplexers                                                   ; Auto               ; Auto               ;
; Create Debugging Nodes for IP Cores                                        ; Off                ; Off                ;
; Preserve fewer node names                                                  ; On                 ; On                 ;
; Disable OpenCore Plus hardware evaluation                                  ; Off                ; Off                ;
; Verilog Version                                                            ; Verilog_2001       ; Verilog_2001       ;
; VHDL Version                                                               ; VHDL_1993          ; VHDL_1993          ;
; State Machine Processing                                                   ; Auto               ; Auto               ;
; Safe State Machine                                                         ; Off                ; Off                ;
; Extract Verilog State Machines                                             ; On                 ; On                 ;
; Extract VHDL State Machines                                                ; On                 ; On                 ;
; Ignore Verilog initial constructs                                          ; Off                ; Off                ;
; Iteration limit for constant Verilog loops                                 ; 5000               ; 5000               ;
; Iteration limit for non-constant Verilog loops                             ; 250                ; 250                ;
; Add Pass-Through Logic to Inferred RAMs                                    ; On                 ; On                 ;
; Infer RAMs from Raw Logic                                                  ; On                 ; On                 ;
; Parallel Synthesis                                                         ; On                 ; On                 ;
; DSP Block Balancing                                                        ; Auto               ; Auto               ;
; NOT Gate Push-Back                                                         ; On                 ; On                 ;
; Power-Up Don't Care                                                        ; On                 ; On                 ;
; Remove Redundant Logic Cells                                               ; Off                ; Off                ;
; Remove Duplicate Registers                                                 ; On                 ; On                 ;
; Ignore CARRY Buffers                                                       ; Off                ; Off                ;
; Ignore CASCADE Buffers                                                     ; Off                ; Off                ;
; Ignore GLOBAL Buffers                                                      ; Off                ; Off                ;
; Ignore ROW GLOBAL Buffers                                                  ; Off                ; Off                ;
; Ignore LCELL Buffers                                                       ; Off                ; Off                ;
; Ignore SOFT Buffers                                                        ; On                 ; On                 ;
; Limit AHDL Integers to 32 Bits                                             ; Off                ; Off                ;
; Optimization Technique                                                     ; Balanced           ; Balanced           ;
; Carry Chain Length                                                         ; 70                 ; 70                 ;
; Auto Carry Chains                                                          ; On                 ; On                 ;
; Auto Open-Drain Pins                                                       ; On                 ; On                 ;
; Perform WYSIWYG Primitive Resynthesis                                      ; Off                ; Off                ;
; Auto ROM Replacement                                                       ; On                 ; On                 ;
; Auto RAM Replacement                                                       ; On                 ; On                 ;
; Auto Shift Register Replacement                                            ; Auto               ; Auto               ;
; Allow Shift Register Merging across Hierarchies                            ; Auto               ; Auto               ;
; Auto Clock Enable Replacement                                              ; On                 ; On                 ;
; Strict RAM Replacement                                                     ; Off                ; Off                ;
; Allow Synchronous Control Signals                                          ; On                 ; On                 ;
; Force Use of Synchronous Clear Signals                                     ; Off                ; Off                ;
; Auto RAM to Logic Cell Conversion                                          ; Off                ; Off                ;
; Auto Resource Sharing                                                      ; Off                ; Off                ;
; Allow Any RAM Size For Recognition                                         ; Off                ; Off                ;
; Allow Any ROM Size For Recognition                                         ; Off                ; Off                ;
; Allow Any Shift Register Size For Recognition                              ; Off                ; Off                ;
; Use LogicLock Constraints during Resource Balancing                        ; On                 ; On                 ;
; Ignore translate_off and synthesis_off directives                          ; Off                ; Off                ;
; Timing-Driven Synthesis                                                    ; Off                ; Off                ;
; Report Parameter Settings                                                  ; On                 ; On                 ;
; Report Source Assignments                                                  ; On                 ; On                 ;
; Report Connectivity Checks                                                 ; On                 ; On                 ;
; Ignore Maximum Fan-Out Assignments                                         ; Off                ; Off                ;
; Synchronization Register Chain Length                                      ; 2                  ; 2                  ;
; PowerPlay Power Optimization                                               ; Normal compilation ; Normal compilation ;
; HDL message level                                                          ; Level2             ; Level2             ;
; Suppress Register Optimization Related Messages                            ; Off                ; Off                ;
; Number of Removed Registers Reported in Synthesis Report                   ; 5000               ; 5000               ;
; Number of Swept Nodes Reported in Synthesis Report                         ; 5000               ; 5000               ;
; Number of Inverted Registers Reported in Synthesis Report                  ; 100                ; 100                ;
; Clock MUX Protection                                                       ; On                 ; On                 ;
; Auto Gated Clock Conversion                                                ; Off                ; Off                ;
; Block Design Naming                                                        ; Auto               ; Auto               ;
; SDC constraint protection                                                  ; Off                ; Off                ;
; Synthesis Effort                                                           ; Auto               ; Auto               ;
; Shift Register Replacement - Allow Asynchronous Clear Signal               ; On                 ; On                 ;
; Pre-Mapping Resynthesis Optimization                                       ; Off                ; Off                ;
; Analysis & Synthesis Message Level                                         ; Medium             ; Medium             ;
; Disable Register Merging Across Hierarchies                                ; Auto               ; Auto               ;
; Resource Aware Inference For Block RAM                                     ; On                 ; On                 ;
; Synthesis Seed                                                             ; 1                  ; 1                  ;
+----------------------------------------------------------------------------+--------------------+--------------------+


Parallel compilation was disabled, but you have multiple processors available. Enable parallel compilation to reduce compilation time.
+-------------------------------------+
; Parallel Compilation                ;
+----------------------------+--------+
; Processors                 ; Number ;
+----------------------------+--------+
; Number detected on machine ; 4      ;
; Maximum allowed            ; 1      ;
+----------------------------+--------+


+------------------------------------------------------------------------------------------------------------------------------------------------+
; Analysis & Synthesis Source Files Read                                                                                                         ;
+----------------------------------+-----------------+-----------------+---------------------------------------------------------------+---------+
; File Name with User-Entered Path ; Used in Netlist ; File Type       ; File Name with Absolute Path                                  ; Library ;
+----------------------------------+-----------------+-----------------+---------------------------------------------------------------+---------+
; mux_1.vhd                        ; yes             ; User VHDL File  ; C:/Users/alunos/Desktop/Nova pasta/SDA-main/mux_1.vhd         ;         ;
; ula.vhd                          ; yes             ; User VHDL File  ; C:/Users/alunos/Desktop/Nova pasta/SDA-main/ula.vhd           ;         ;
; somador.vhd                      ; yes             ; User VHDL File  ; C:/Users/alunos/Desktop/Nova pasta/SDA-main/somador.vhd       ;         ;
; decoder.vhd                      ; yes             ; User VHDL File  ; C:/Users/alunos/Desktop/Nova pasta/SDA-main/decoder.vhd       ;         ;
; reg_32bits.vhd                   ; yes             ; User VHDL File  ; C:/Users/alunos/Desktop/Nova pasta/SDA-main/reg_32bits.vhd    ;         ;
; my_pack.vhd                      ; yes             ; User VHDL File  ; C:/Users/alunos/Desktop/Nova pasta/SDA-main/my_pack.vhd       ;         ;
; bank_reg.vhd                     ; yes             ; User VHDL File  ; C:/Users/alunos/Desktop/Nova pasta/SDA-main/bank_reg.vhd      ;         ;
; mux_2x1.vhd                      ; yes             ; User VHDL File  ; C:/Users/alunos/Desktop/Nova pasta/SDA-main/mux_2x1.vhd       ;         ;
; somador_nbits.vhd                ; yes             ; User VHDL File  ; C:/Users/alunos/Desktop/Nova pasta/SDA-main/somador_nbits.vhd ;         ;
; datapath.vhd                     ; yes             ; User VHDL File  ; C:/Users/alunos/Desktop/Nova pasta/SDA-main/datapath.vhd      ;         ;
+----------------------------------+-----------------+-----------------+---------------------------------------------------------------+---------+


+-----------------------------------------------------+
; Analysis & Synthesis Resource Usage Summary         ;
+---------------------------------------------+-------+
; Resource                                    ; Usage ;
+---------------------------------------------+-------+
; Estimated Total logic elements              ; 2,598 ;
;                                             ;       ;
; Total combinational functions               ; 1606  ;
; Logic element usage by number of LUT inputs ;       ;
;     -- 4 input functions                    ; 1476  ;
;     -- 3 input functions                    ; 129   ;
;     -- <=2 input functions                  ; 1     ;
;                                             ;       ;
; Logic elements by mode                      ;       ;
;     -- normal mode                          ; 1606  ;
;     -- arithmetic mode                      ; 0     ;
;                                             ;       ;
; Total registers                             ; 1024  ;
;     -- Dedicated logic registers            ; 1024  ;
;     -- I/O registers                        ; 0     ;
;                                             ;       ;
; I/O pins                                    ; 90    ;
; Embedded Multiplier 9-bit elements          ; 0     ;
; Maximum fan-out node                        ; clock ;
; Maximum fan-out                             ; 1024  ;
; Total fan-out                               ; 10423 ;
; Average fan-out                             ; 3.83  ;
+---------------------------------------------+-------+


+-------------------------------------------------------------------------------------------------------------------------------------------------------------------------------------------------------------------------+
; Analysis & Synthesis Resource Utilization by Entity                                                                                                                                                                     ;
+-------------------------------+-------------------+--------------+-------------+--------------+---------+-----------+------+--------------+--------------------------------------------------------------+--------------+
; Compilation Hierarchy Node    ; LC Combinationals ; LC Registers ; Memory Bits ; DSP Elements ; DSP 9x9 ; DSP 18x18 ; Pins ; Virtual Pins ; Full Hierarchy Name                                          ; Library Name ;
+-------------------------------+-------------------+--------------+-------------+--------------+---------+-----------+------+--------------+--------------------------------------------------------------+--------------+
; |datapath                     ; 1606 (0)          ; 1024 (0)     ; 0           ; 0            ; 0       ; 0         ; 90   ; 0            ; |datapath                                                    ; work         ;
;    |bank_reg:CRG|             ; 0 (0)             ; 1024 (0)     ; 0           ; 0            ; 0       ; 0         ; 0    ; 0            ; |datapath|bank_reg:CRG                                       ; work         ;
;       |reg_32bits:\G1:0:R1|   ; 0 (0)             ; 32 (32)      ; 0           ; 0            ; 0       ; 0         ; 0    ; 0            ; |datapath|bank_reg:CRG|reg_32bits:\G1:0:R1                   ; work         ;
;       |reg_32bits:\G1:10:R1|  ; 0 (0)             ; 32 (32)      ; 0           ; 0            ; 0       ; 0         ; 0    ; 0            ; |datapath|bank_reg:CRG|reg_32bits:\G1:10:R1                  ; work         ;
;       |reg_32bits:\G1:11:R1|  ; 0 (0)             ; 32 (32)      ; 0           ; 0            ; 0       ; 0         ; 0    ; 0            ; |datapath|bank_reg:CRG|reg_32bits:\G1:11:R1                  ; work         ;
;       |reg_32bits:\G1:12:R1|  ; 0 (0)             ; 32 (32)      ; 0           ; 0            ; 0       ; 0         ; 0    ; 0            ; |datapath|bank_reg:CRG|reg_32bits:\G1:12:R1                  ; work         ;
;       |reg_32bits:\G1:13:R1|  ; 0 (0)             ; 32 (32)      ; 0           ; 0            ; 0       ; 0         ; 0    ; 0            ; |datapath|bank_reg:CRG|reg_32bits:\G1:13:R1                  ; work         ;
;       |reg_32bits:\G1:14:R1|  ; 0 (0)             ; 32 (32)      ; 0           ; 0            ; 0       ; 0         ; 0    ; 0            ; |datapath|bank_reg:CRG|reg_32bits:\G1:14:R1                  ; work         ;
;       |reg_32bits:\G1:15:R1|  ; 0 (0)             ; 32 (32)      ; 0           ; 0            ; 0       ; 0         ; 0    ; 0            ; |datapath|bank_reg:CRG|reg_32bits:\G1:15:R1                  ; work         ;
;       |reg_32bits:\G1:16:R1|  ; 0 (0)             ; 32 (32)      ; 0           ; 0            ; 0       ; 0         ; 0    ; 0            ; |datapath|bank_reg:CRG|reg_32bits:\G1:16:R1                  ; work         ;
;       |reg_32bits:\G1:17:R1|  ; 0 (0)             ; 32 (32)      ; 0           ; 0            ; 0       ; 0         ; 0    ; 0            ; |datapath|bank_reg:CRG|reg_32bits:\G1:17:R1                  ; work         ;
;       |reg_32bits:\G1:18:R1|  ; 0 (0)             ; 32 (32)      ; 0           ; 0            ; 0       ; 0         ; 0    ; 0            ; |datapath|bank_reg:CRG|reg_32bits:\G1:18:R1                  ; work         ;
;       |reg_32bits:\G1:19:R1|  ; 0 (0)             ; 32 (32)      ; 0           ; 0            ; 0       ; 0         ; 0    ; 0            ; |datapath|bank_reg:CRG|reg_32bits:\G1:19:R1                  ; work         ;
;       |reg_32bits:\G1:1:R1|   ; 0 (0)             ; 32 (32)      ; 0           ; 0            ; 0       ; 0         ; 0    ; 0            ; |datapath|bank_reg:CRG|reg_32bits:\G1:1:R1                   ; work         ;
;       |reg_32bits:\G1:20:R1|  ; 0 (0)             ; 32 (32)      ; 0           ; 0            ; 0       ; 0         ; 0    ; 0            ; |datapath|bank_reg:CRG|reg_32bits:\G1:20:R1                  ; work         ;
;       |reg_32bits:\G1:21:R1|  ; 0 (0)             ; 32 (32)      ; 0           ; 0            ; 0       ; 0         ; 0    ; 0            ; |datapath|bank_reg:CRG|reg_32bits:\G1:21:R1                  ; work         ;
;       |reg_32bits:\G1:22:R1|  ; 0 (0)             ; 32 (32)      ; 0           ; 0            ; 0       ; 0         ; 0    ; 0            ; |datapath|bank_reg:CRG|reg_32bits:\G1:22:R1                  ; work         ;
;       |reg_32bits:\G1:23:R1|  ; 0 (0)             ; 32 (32)      ; 0           ; 0            ; 0       ; 0         ; 0    ; 0            ; |datapath|bank_reg:CRG|reg_32bits:\G1:23:R1                  ; work         ;
;       |reg_32bits:\G1:24:R1|  ; 0 (0)             ; 32 (32)      ; 0           ; 0            ; 0       ; 0         ; 0    ; 0            ; |datapath|bank_reg:CRG|reg_32bits:\G1:24:R1                  ; work         ;
;       |reg_32bits:\G1:25:R1|  ; 0 (0)             ; 32 (32)      ; 0           ; 0            ; 0       ; 0         ; 0    ; 0            ; |datapath|bank_reg:CRG|reg_32bits:\G1:25:R1                  ; work         ;
;       |reg_32bits:\G1:26:R1|  ; 0 (0)             ; 32 (32)      ; 0           ; 0            ; 0       ; 0         ; 0    ; 0            ; |datapath|bank_reg:CRG|reg_32bits:\G1:26:R1                  ; work         ;
;       |reg_32bits:\G1:27:R1|  ; 0 (0)             ; 32 (32)      ; 0           ; 0            ; 0       ; 0         ; 0    ; 0            ; |datapath|bank_reg:CRG|reg_32bits:\G1:27:R1                  ; work         ;
;       |reg_32bits:\G1:28:R1|  ; 0 (0)             ; 32 (32)      ; 0           ; 0            ; 0       ; 0         ; 0    ; 0            ; |datapath|bank_reg:CRG|reg_32bits:\G1:28:R1                  ; work         ;
;       |reg_32bits:\G1:29:R1|  ; 0 (0)             ; 32 (32)      ; 0           ; 0            ; 0       ; 0         ; 0    ; 0            ; |datapath|bank_reg:CRG|reg_32bits:\G1:29:R1                  ; work         ;
;       |reg_32bits:\G1:2:R1|   ; 0 (0)             ; 32 (32)      ; 0           ; 0            ; 0       ; 0         ; 0    ; 0            ; |datapath|bank_reg:CRG|reg_32bits:\G1:2:R1                   ; work         ;
;       |reg_32bits:\G1:30:R1|  ; 0 (0)             ; 32 (32)      ; 0           ; 0            ; 0       ; 0         ; 0    ; 0            ; |datapath|bank_reg:CRG|reg_32bits:\G1:30:R1                  ; work         ;
;       |reg_32bits:\G1:31:R1|  ; 0 (0)             ; 32 (32)      ; 0           ; 0            ; 0       ; 0         ; 0    ; 0            ; |datapath|bank_reg:CRG|reg_32bits:\G1:31:R1                  ; work         ;
;       |reg_32bits:\G1:3:R1|   ; 0 (0)             ; 32 (32)      ; 0           ; 0            ; 0       ; 0         ; 0    ; 0            ; |datapath|bank_reg:CRG|reg_32bits:\G1:3:R1                   ; work         ;
;       |reg_32bits:\G1:4:R1|   ; 0 (0)             ; 32 (32)      ; 0           ; 0            ; 0       ; 0         ; 0    ; 0            ; |datapath|bank_reg:CRG|reg_32bits:\G1:4:R1                   ; work         ;
;       |reg_32bits:\G1:5:R1|   ; 0 (0)             ; 32 (32)      ; 0           ; 0            ; 0       ; 0         ; 0    ; 0            ; |datapath|bank_reg:CRG|reg_32bits:\G1:5:R1                   ; work         ;
;       |reg_32bits:\G1:6:R1|   ; 0 (0)             ; 32 (32)      ; 0           ; 0            ; 0       ; 0         ; 0    ; 0            ; |datapath|bank_reg:CRG|reg_32bits:\G1:6:R1                   ; work         ;
;       |reg_32bits:\G1:7:R1|   ; 0 (0)             ; 32 (32)      ; 0           ; 0            ; 0       ; 0         ; 0    ; 0            ; |datapath|bank_reg:CRG|reg_32bits:\G1:7:R1                   ; work         ;
;       |reg_32bits:\G1:8:R1|   ; 0 (0)             ; 32 (32)      ; 0           ; 0            ; 0       ; 0         ; 0    ; 0            ; |datapath|bank_reg:CRG|reg_32bits:\G1:8:R1                   ; work         ;
;       |reg_32bits:\G1:9:R1|   ; 0 (0)             ; 32 (32)      ; 0           ; 0            ; 0       ; 0         ; 0    ; 0            ; |datapath|bank_reg:CRG|reg_32bits:\G1:9:R1                   ; work         ;
;    |decoder:DEC|              ; 48 (48)           ; 0 (0)        ; 0           ; 0            ; 0       ; 0         ; 0    ; 0            ; |datapath|decoder:DEC                                        ; work         ;
;    |mux_1:MUX_A|              ; 672 (672)         ; 0 (0)        ; 0           ; 0            ; 0       ; 0         ; 0    ; 0            ; |datapath|mux_1:MUX_A                                        ; work         ;
;    |mux_1:MUX_B|              ; 672 (672)         ; 0 (0)        ; 0           ; 0            ; 0       ; 0         ; 0    ; 0            ; |datapath|mux_1:MUX_B                                        ; work         ;
;    |mux_2x1:MUX_C|            ; 135 (135)         ; 0 (0)        ; 0           ; 0            ; 0       ; 0         ; 0    ; 0            ; |datapath|mux_2x1:MUX_C                                      ; work         ;
;    |ula:ULA_S|                ; 79 (14)           ; 0 (0)        ; 0           ; 0            ; 0       ; 0         ; 0    ; 0            ; |datapath|ula:ULA_S                                          ; work         ;
;       |somador_nbits:SOMASUB| ; 65 (2)            ; 0 (0)        ; 0           ; 0            ; 0       ; 0         ; 0    ; 0            ; |datapath|ula:ULA_S|somador_nbits:SOMASUB                    ; work         ;
;          |somador:\G1:0:SCs|  ; 3 (3)             ; 0 (0)        ; 0           ; 0            ; 0       ; 0         ; 0    ; 0            ; |datapath|ula:ULA_S|somador_nbits:SOMASUB|somador:\G1:0:SCs  ; work         ;
;          |somador:\G1:10:SCs| ; 2 (2)             ; 0 (0)        ; 0           ; 0            ; 0       ; 0         ; 0    ; 0            ; |datapath|ula:ULA_S|somador_nbits:SOMASUB|somador:\G1:10:SCs ; work         ;
;          |somador:\G1:11:SCs| ; 2 (2)             ; 0 (0)        ; 0           ; 0            ; 0       ; 0         ; 0    ; 0            ; |datapath|ula:ULA_S|somador_nbits:SOMASUB|somador:\G1:11:SCs ; work         ;
;          |somador:\G1:12:SCs| ; 2 (2)             ; 0 (0)        ; 0           ; 0            ; 0       ; 0         ; 0    ; 0            ; |datapath|ula:ULA_S|somador_nbits:SOMASUB|somador:\G1:12:SCs ; work         ;
;          |somador:\G1:13:SCs| ; 2 (2)             ; 0 (0)        ; 0           ; 0            ; 0       ; 0         ; 0    ; 0            ; |datapath|ula:ULA_S|somador_nbits:SOMASUB|somador:\G1:13:SCs ; work         ;
;          |somador:\G1:14:SCs| ; 2 (2)             ; 0 (0)        ; 0           ; 0            ; 0       ; 0         ; 0    ; 0            ; |datapath|ula:ULA_S|somador_nbits:SOMASUB|somador:\G1:14:SCs ; work         ;
;          |somador:\G1:15:SCs| ; 2 (2)             ; 0 (0)        ; 0           ; 0            ; 0       ; 0         ; 0    ; 0            ; |datapath|ula:ULA_S|somador_nbits:SOMASUB|somador:\G1:15:SCs ; work         ;
;          |somador:\G1:16:SCs| ; 2 (2)             ; 0 (0)        ; 0           ; 0            ; 0       ; 0         ; 0    ; 0            ; |datapath|ula:ULA_S|somador_nbits:SOMASUB|somador:\G1:16:SCs ; work         ;
;          |somador:\G1:17:SCs| ; 2 (2)             ; 0 (0)        ; 0           ; 0            ; 0       ; 0         ; 0    ; 0            ; |datapath|ula:ULA_S|somador_nbits:SOMASUB|somador:\G1:17:SCs ; work         ;
;          |somador:\G1:18:SCs| ; 2 (2)             ; 0 (0)        ; 0           ; 0            ; 0       ; 0         ; 0    ; 0            ; |datapath|ula:ULA_S|somador_nbits:SOMASUB|somador:\G1:18:SCs ; work         ;
;          |somador:\G1:19:SCs| ; 2 (2)             ; 0 (0)        ; 0           ; 0            ; 0       ; 0         ; 0    ; 0            ; |datapath|ula:ULA_S|somador_nbits:SOMASUB|somador:\G1:19:SCs ; work         ;
;          |somador:\G1:1:SCs|  ; 2 (2)             ; 0 (0)        ; 0           ; 0            ; 0       ; 0         ; 0    ; 0            ; |datapath|ula:ULA_S|somador_nbits:SOMASUB|somador:\G1:1:SCs  ; work         ;
;          |somador:\G1:20:SCs| ; 2 (2)             ; 0 (0)        ; 0           ; 0            ; 0       ; 0         ; 0    ; 0            ; |datapath|ula:ULA_S|somador_nbits:SOMASUB|somador:\G1:20:SCs ; work         ;
;          |somador:\G1:21:SCs| ; 2 (2)             ; 0 (0)        ; 0           ; 0            ; 0       ; 0         ; 0    ; 0            ; |datapath|ula:ULA_S|somador_nbits:SOMASUB|somador:\G1:21:SCs ; work         ;
;          |somador:\G1:22:SCs| ; 2 (2)             ; 0 (0)        ; 0           ; 0            ; 0       ; 0         ; 0    ; 0            ; |datapath|ula:ULA_S|somador_nbits:SOMASUB|somador:\G1:22:SCs ; work         ;
;          |somador:\G1:23:SCs| ; 2 (2)             ; 0 (0)        ; 0           ; 0            ; 0       ; 0         ; 0    ; 0            ; |datapath|ula:ULA_S|somador_nbits:SOMASUB|somador:\G1:23:SCs ; work         ;
;          |somador:\G1:24:SCs| ; 2 (2)             ; 0 (0)        ; 0           ; 0            ; 0       ; 0         ; 0    ; 0            ; |datapath|ula:ULA_S|somador_nbits:SOMASUB|somador:\G1:24:SCs ; work         ;
;          |somador:\G1:25:SCs| ; 2 (2)             ; 0 (0)        ; 0           ; 0            ; 0       ; 0         ; 0    ; 0            ; |datapath|ula:ULA_S|somador_nbits:SOMASUB|somador:\G1:25:SCs ; work         ;
;          |somador:\G1:26:SCs| ; 2 (2)             ; 0 (0)        ; 0           ; 0            ; 0       ; 0         ; 0    ; 0            ; |datapath|ula:ULA_S|somador_nbits:SOMASUB|somador:\G1:26:SCs ; work         ;
;          |somador:\G1:27:SCs| ; 2 (2)             ; 0 (0)        ; 0           ; 0            ; 0       ; 0         ; 0    ; 0            ; |datapath|ula:ULA_S|somador_nbits:SOMASUB|somador:\G1:27:SCs ; work         ;
;          |somador:\G1:28:SCs| ; 2 (2)             ; 0 (0)        ; 0           ; 0            ; 0       ; 0         ; 0    ; 0            ; |datapath|ula:ULA_S|somador_nbits:SOMASUB|somador:\G1:28:SCs ; work         ;
;          |somador:\G1:29:SCs| ; 2 (2)             ; 0 (0)        ; 0           ; 0            ; 0       ; 0         ; 0    ; 0            ; |datapath|ula:ULA_S|somador_nbits:SOMASUB|somador:\G1:29:SCs ; work         ;
;          |somador:\G1:2:SCs|  ; 2 (2)             ; 0 (0)        ; 0           ; 0            ; 0       ; 0         ; 0    ; 0            ; |datapath|ula:ULA_S|somador_nbits:SOMASUB|somador:\G1:2:SCs  ; work         ;
;          |somador:\G1:30:SCs| ; 1 (1)             ; 0 (0)        ; 0           ; 0            ; 0       ; 0         ; 0    ; 0            ; |datapath|ula:ULA_S|somador_nbits:SOMASUB|somador:\G1:30:SCs ; work         ;
;          |somador:\G1:31:SCs| ; 1 (1)             ; 0 (0)        ; 0           ; 0            ; 0       ; 0         ; 0    ; 0            ; |datapath|ula:ULA_S|somador_nbits:SOMASUB|somador:\G1:31:SCs ; work         ;
;          |somador:\G1:3:SCs|  ; 2 (2)             ; 0 (0)        ; 0           ; 0            ; 0       ; 0         ; 0    ; 0            ; |datapath|ula:ULA_S|somador_nbits:SOMASUB|somador:\G1:3:SCs  ; work         ;
;          |somador:\G1:4:SCs|  ; 2 (2)             ; 0 (0)        ; 0           ; 0            ; 0       ; 0         ; 0    ; 0            ; |datapath|ula:ULA_S|somador_nbits:SOMASUB|somador:\G1:4:SCs  ; work         ;
;          |somador:\G1:5:SCs|  ; 2 (2)             ; 0 (0)        ; 0           ; 0            ; 0       ; 0         ; 0    ; 0            ; |datapath|ula:ULA_S|somador_nbits:SOMASUB|somador:\G1:5:SCs  ; work         ;
;          |somador:\G1:6:SCs|  ; 2 (2)             ; 0 (0)        ; 0           ; 0            ; 0       ; 0         ; 0    ; 0            ; |datapath|ula:ULA_S|somador_nbits:SOMASUB|somador:\G1:6:SCs  ; work         ;
;          |somador:\G1:7:SCs|  ; 2 (2)             ; 0 (0)        ; 0           ; 0            ; 0       ; 0         ; 0    ; 0            ; |datapath|ula:ULA_S|somador_nbits:SOMASUB|somador:\G1:7:SCs  ; work         ;
;          |somador:\G1:8:SCs|  ; 2 (2)             ; 0 (0)        ; 0           ; 0            ; 0       ; 0         ; 0    ; 0            ; |datapath|ula:ULA_S|somador_nbits:SOMASUB|somador:\G1:8:SCs  ; work         ;
;          |somador:\G1:9:SCs|  ; 2 (2)             ; 0 (0)        ; 0           ; 0            ; 0       ; 0         ; 0    ; 0            ; |datapath|ula:ULA_S|somador_nbits:SOMASUB|somador:\G1:9:SCs  ; work         ;
+-------------------------------+-------------------+--------------+-------------+--------------+---------+-----------+------+--------------+--------------------------------------------------------------+--------------+
Note: For table entries with two numbers listed, the numbers in parentheses indicate the number of resources of the given type used by the specific entity alone. The numbers listed outside of parentheses indicate the total resources of the given type used by the specific entity and all of its sub-entities in the hierarchy.


+------------------------------------------------------+
; General Register Statistics                          ;
+----------------------------------------------+-------+
; Statistic                                    ; Value ;
+----------------------------------------------+-------+
; Total registers                              ; 1024  ;
; Number of registers using Synchronous Clear  ; 0     ;
; Number of registers using Synchronous Load   ; 0     ;
; Number of registers using Asynchronous Clear ; 1024  ;
; Number of registers using Asynchronous Load  ; 0     ;
; Number of registers using Clock Enable       ; 1024  ;
; Number of registers using Preset             ; 0     ;
+----------------------------------------------+-------+


+--------------------------------------------------------------------------------------------------------------------------------------------------+
; Multiplexer Restructuring Statistics (Restructuring Performed)                                                                                   ;
+--------------------+-----------+---------------+----------------------+------------------------+------------+------------------------------------+
; Multiplexer Inputs ; Bus Width ; Baseline Area ; Area if Restructured ; Saving if Restructured ; Registered ; Example Multiplexer Output         ;
+--------------------+-----------+---------------+----------------------+------------------------+------------+------------------------------------+
; 9:1                ; 32 bits   ; 192 LEs       ; 160 LEs              ; 32 LEs                 ; No         ; |datapath|mux_2x1:MUX_C|dataOut[0] ;
; 32:1               ; 32 bits   ; 672 LEs       ; 672 LEs              ; 0 LEs                  ; No         ; |datapath|mux_1:MUX_A|Mux31        ;
; 32:1               ; 32 bits   ; 672 LEs       ; 672 LEs              ; 0 LEs                  ; No         ; |datapath|mux_1:MUX_B|Mux0         ;
+--------------------+-----------+---------------+----------------------+------------------------+------------+------------------------------------+


+------------------------------------------------------------------------------+
; Parameter Settings for User Entity Instance: ula:ULA_S|somador_nbits:SOMASUB ;
+----------------+-------+-----------------------------------------------------+
; Parameter Name ; Value ; Type                                                ;
+----------------+-------+-----------------------------------------------------+
; N              ; 32    ; Signed Integer                                      ;
+----------------+-------+-----------------------------------------------------+
Note: In order to hide this table in the UI and the text report file, please set the "Show Parameter Settings in Synthesis Report" option in "Analysis and Synthesis Settings -> More Settings" to "Off".


+-------------------------------+
; Elapsed Time Per Partition    ;
+----------------+--------------+
; Partition Name ; Elapsed Time ;
+----------------+--------------+
; Top            ; 00:00:02     ;
+----------------+--------------+


+-------------------------------+
; Analysis & Synthesis Messages ;
+-------------------------------+
Info: *******************************************************************
Info: Running Quartus II 64-Bit Analysis & Synthesis
    Info: Version 13.0.1 Build 232 06/12/2013 Service Pack 1 SJ Web Edition
    Info: Processing started: Thu Nov 30 14:21:33 2023
Info: Command: quartus_map --read_settings_files=on --write_settings_files=off ula -c ula
Warning (20028): Parallel compilation is not licensed and has been disabled
Info (12021): Found 2 design units, including 1 entities, in source file mux_1.vhd
    Info (12022): Found design unit 1: mux_1-arc_mux_1
    Info (12023): Found entity 1: mux_1
Info (12021): Found 2 design units, including 1 entities, in source file ula.vhd
    Info (12022): Found design unit 1: ula-arc_ula
    Info (12023): Found entity 1: ula
Info (12021): Found 2 design units, including 1 entities, in source file somador.vhd
    Info (12022): Found design unit 1: somador-comportamento
    Info (12023): Found entity 1: somador
Info (12021): Found 2 design units, including 1 entities, in source file decoder.vhd
    Info (12022): Found design unit 1: decoder-arc_decoder
    Info (12023): Found entity 1: decoder
Info (12021): Found 2 design units, including 1 entities, in source file reg_32bits.vhd
    Info (12022): Found design unit 1: reg_32bits-arc_reg_32bits
    Info (12023): Found entity 1: reg_32bits
Info (12021): Found 1 design units, including 0 entities, in source file my_pack.vhd
    Info (12022): Found design unit 1: my_pack
Info (12021): Found 2 design units, including 1 entities, in source file bank_reg.vhd
    Info (12022): Found design unit 1: bank_reg-arc_bank_reg
    Info (12023): Found entity 1: bank_reg
Info (12021): Found 2 design units, including 1 entities, in source file mux_2x1.vhd
    Info (12022): Found design unit 1: mux_2x1-arc_mux_2x1
    Info (12023): Found entity 1: mux_2x1
Info (12021): Found 2 design units, including 1 entities, in source file somador_nbits.vhd
    Info (12022): Found design unit 1: somador_nbits-comportamento
    Info (12023): Found entity 1: somador_nbits
Info (12021): Found 2 design units, including 1 entities, in source file datapath.vhd
    Info (12022): Found design unit 1: datapath-arc_datapath
    Info (12023): Found entity 1: datapath
Info (12127): Elaborating entity "datapath" for the top level hierarchy
Info (12128): Elaborating entity "decoder" for hierarchy "decoder:DEC"
Info (12128): Elaborating entity "bank_reg" for hierarchy "bank_reg:CRG"
Info (12128): Elaborating entity "reg_32bits" for hierarchy "bank_reg:CRG|reg_32bits:\G1:0:R1"
Info (12128): Elaborating entity "mux_1" for hierarchy "mux_1:MUX_A"
Info (12128): Elaborating entity "ula" for hierarchy "ula:ULA_S"
Warning (10541): VHDL Signal Declaration warning at ula.vhd(12): used implicit default value for signal "negative" because signal was never assigned a value or an explicit default value. Use of implicit default value may introduce unintended design optimizations.
Warning (10541): VHDL Signal Declaration warning at ula.vhd(12): used implicit default value for signal "zero" because signal was never assigned a value or an explicit default value. Use of implicit default value may introduce unintended design optimizations.
Warning (10492): VHDL Process Statement warning at ula.vhd(26): signal "a" is read inside the Process Statement but isn't in the Process Statement's sensitivity list
Warning (10492): VHDL Process Statement warning at ula.vhd(27): signal "a" is read inside the Process Statement but isn't in the Process Statement's sensitivity list
Warning (10492): VHDL Process Statement warning at ula.vhd(27): signal "b" is read inside the Process Statement but isn't in the Process Statement's sensitivity list
Warning (10492): VHDL Process Statement warning at ula.vhd(28): signal "resultado" is read inside the Process Statement but isn't in the Process Statement's sensitivity list
Warning (10492): VHDL Process Statement warning at ula.vhd(29): signal "resultado" is read inside the Process Statement but isn't in the Process Statement's sensitivity list
Warning (10492): VHDL Process Statement warning at ula.vhd(30): signal "a" is read inside the Process Statement but isn't in the Process Statement's sensitivity list
Warning (10492): VHDL Process Statement warning at ula.vhd(30): signal "b" is read inside the Process Statement but isn't in the Process Statement's sensitivity list
Warning (10492): VHDL Process Statement warning at ula.vhd(31): signal "b" is read inside the Process Statement but isn't in the Process Statement's sensitivity list
Warning (10492): VHDL Process Statement warning at ula.vhd(32): signal "b" is read inside the Process Statement but isn't in the Process Statement's sensitivity list
Warning (10492): VHDL Process Statement warning at ula.vhd(33): signal "a" is read inside the Process Statement but isn't in the Process Statement's sensitivity list
Warning (10492): VHDL Process Statement warning at ula.vhd(33): signal "b" is read inside the Process Statement but isn't in the Process Statement's sensitivity list
Warning (10631): VHDL Process Statement warning at ula.vhd(24): inferring latch(es) for signal or variable "s", which holds its previous value in one or more paths through the process
Info (10041): Inferred latch for "s[0]" at ula.vhd(24)
Info (10041): Inferred latch for "s[1]" at ula.vhd(24)
Info (10041): Inferred latch for "s[2]" at ula.vhd(24)
Info (10041): Inferred latch for "s[3]" at ula.vhd(24)
Info (10041): Inferred latch for "s[4]" at ula.vhd(24)
Info (10041): Inferred latch for "s[5]" at ula.vhd(24)
Info (10041): Inferred latch for "s[6]" at ula.vhd(24)
Info (10041): Inferred latch for "s[7]" at ula.vhd(24)
Info (10041): Inferred latch for "s[8]" at ula.vhd(24)
Info (10041): Inferred latch for "s[9]" at ula.vhd(24)
Info (10041): Inferred latch for "s[10]" at ula.vhd(24)
Info (10041): Inferred latch for "s[11]" at ula.vhd(24)
Info (10041): Inferred latch for "s[12]" at ula.vhd(24)
Info (10041): Inferred latch for "s[13]" at ula.vhd(24)
Info (10041): Inferred latch for "s[14]" at ula.vhd(24)
Info (10041): Inferred latch for "s[15]" at ula.vhd(24)
Info (10041): Inferred latch for "s[16]" at ula.vhd(24)
Info (10041): Inferred latch for "s[17]" at ula.vhd(24)
Info (10041): Inferred latch for "s[18]" at ula.vhd(24)
Info (10041): Inferred latch for "s[19]" at ula.vhd(24)
Info (10041): Inferred latch for "s[20]" at ula.vhd(24)
Info (10041): Inferred latch for "s[21]" at ula.vhd(24)
Info (10041): Inferred latch for "s[22]" at ula.vhd(24)
Info (10041): Inferred latch for "s[23]" at ula.vhd(24)
Info (10041): Inferred latch for "s[24]" at ula.vhd(24)
Info (10041): Inferred latch for "s[25]" at ula.vhd(24)
Info (10041): Inferred latch for "s[26]" at ula.vhd(24)
Info (10041): Inferred latch for "s[27]" at ula.vhd(24)
Info (10041): Inferred latch for "s[28]" at ula.vhd(24)
Info (10041): Inferred latch for "s[29]" at ula.vhd(24)
Info (10041): Inferred latch for "s[30]" at ula.vhd(24)
Info (10041): Inferred latch for "s[31]" at ula.vhd(24)
Info (12128): Elaborating entity "somador_nbits" for hierarchy "ula:ULA_S|somador_nbits:SOMASUB"
Info (12128): Elaborating entity "somador" for hierarchy "ula:ULA_S|somador_nbits:SOMASUB|somador:\G1:0:SCs"
Info (12128): Elaborating entity "mux_2x1" for hierarchy "mux_2x1:MUX_C"
Warning (10492): VHDL Process Statement warning at mux_2x1.vhd(18): signal "a" is read inside the Process Statement but isn't in the Process Statement's sensitivity list
Warning (10492): VHDL Process Statement warning at mux_2x1.vhd(20): signal "b" is read inside the Process Statement but isn't in the Process Statement's sensitivity list
Warning (14026): LATCH primitive "ula:ULA_S|s[0]" is permanently enabled
Warning (14026): LATCH primitive "ula:ULA_S|s[1]" is permanently enabled
Warning (14026): LATCH primitive "ula:ULA_S|s[2]" is permanently enabled
Warning (14026): LATCH primitive "ula:ULA_S|s[3]" is permanently enabled
Warning (14026): LATCH primitive "ula:ULA_S|s[4]" is permanently enabled
Warning (14026): LATCH primitive "ula:ULA_S|s[5]" is permanently enabled
Warning (14026): LATCH primitive "ula:ULA_S|s[6]" is permanently enabled
Warning (14026): LATCH primitive "ula:ULA_S|s[7]" is permanently enabled
Warning (14026): LATCH primitive "ula:ULA_S|s[8]" is permanently enabled
Warning (14026): LATCH primitive "ula:ULA_S|s[9]" is permanently enabled
Warning (14026): LATCH primitive "ula:ULA_S|s[10]" is permanently enabled
Warning (14026): LATCH primitive "ula:ULA_S|s[11]" is permanently enabled
Warning (14026): LATCH primitive "ula:ULA_S|s[12]" is permanently enabled
Warning (14026): LATCH primitive "ula:ULA_S|s[13]" is permanently enabled
Warning (14026): LATCH primitive "ula:ULA_S|s[14]" is permanently enabled
Warning (14026): LATCH primitive "ula:ULA_S|s[15]" is permanently enabled
Warning (14026): LATCH primitive "ula:ULA_S|s[16]" is permanently enabled
Warning (14026): LATCH primitive "ula:ULA_S|s[17]" is permanently enabled
Warning (14026): LATCH primitive "ula:ULA_S|s[18]" is permanently enabled
Warning (14026): LATCH primitive "ula:ULA_S|s[19]" is permanently enabled
Warning (14026): LATCH primitive "ula:ULA_S|s[20]" is permanently enabled
Warning (14026): LATCH primitive "ula:ULA_S|s[21]" is permanently enabled
Warning (14026): LATCH primitive "ula:ULA_S|s[22]" is permanently enabled
Warning (14026): LATCH primitive "ula:ULA_S|s[23]" is permanently enabled
Warning (14026): LATCH primitive "ula:ULA_S|s[24]" is permanently enabled
Warning (14026): LATCH primitive "ula:ULA_S|s[25]" is permanently enabled
Warning (14026): LATCH primitive "ula:ULA_S|s[26]" is permanently enabled
Warning (14026): LATCH primitive "ula:ULA_S|s[27]" is permanently enabled
Warning (14026): LATCH primitive "ula:ULA_S|s[28]" is permanently enabled
Warning (14026): LATCH primitive "ula:ULA_S|s[29]" is permanently enabled
Warning (14026): LATCH primitive "ula:ULA_S|s[30]" is permanently enabled
Warning (14026): LATCH primitive "ula:ULA_S|s[31]" is permanently enabled
Info (276014): Found 1 instances of uninferred RAM logic
    Info (276007): RAM logic "decoder:DEC|Ram0" is uninferred due to asynchronous read logic
Warning (13024): Output pins are stuck at VCC or GND
    Warning (13410): Pin "N" is stuck at GND
    Warning (13410): Pin "Z" is stuck at GND
Info (16010): Generating hard_block partition "hard_block:auto_generated_inst"
    Info (16011): Adding 0 node(s), including 0 DDIO, 0 PLL, 0 transceiver and 0 LCELL
Info (21057): Implemented 2720 device resources after synthesis - the final resource count might be different
    Info (21058): Implemented 54 input pins
    Info (21059): Implemented 36 output pins
    Info (21061): Implemented 2630 logic cells
Info: Quartus II 64-Bit Analysis & Synthesis was successful. 0 errors, 52 warnings
    Info: Peak virtual memory: 4644 megabytes
    Info: Processing ended: Thu Nov 30 14:21:38 2023
    Info: Elapsed time: 00:00:05
    Info: Total CPU time (on all processors): 00:00:04


